  354.5    47.1 38119.45 
  359.2    55.5 35759.30 
   44.7     3.7  9332.74 
  335.4   -15.9  7863.66 
  334.1    27.6 20183.57 
   24.6    21.2 12349.48 
   20.8    16.7 14546.52 
  356.8    61.1 27619.19 
    5.9    52.6 38482.06 
    4.1    46.6 29709.71 
   11.7    59.1 46971.38 
    5.3     6.5 10341.28 
  348.4    51.7 13802.96 
    3.1    58.6 31866.86 
    2.8    41.4 24063.12 
    2.2    56.0 29629.92 
  347.8    40.8 25685.99 
    4.5    40.7 23100.83 
  350.2    28.6 19149.98 
   28.9    24.8 13774.05 
  352.6    55.6 50055.09 
  350.5    57.6 17641.99 
  336.9    57.9 31232.42 
    3.4    50.6 24411.29 
    3.0    54.4 32737.92 
  359.6    52.0 17518.28 
   22.5    49.9 26845.60 
  340.1    35.6 17998.61 
    3.0    38.0 26965.87 
   12.7    54.8 28246.06 
   30.9   -84.4 18184.39 
  352.5    47.6 19633.93 
   11.0    40.6 12325.44 
   16.5    50.4 14245.83 
  359.4    65.8 38279.23 
  350.7    49.3 32242.29 
    5.8    51.9 19912.11 
   34.3    -4.8 11249.15 
  354.3    50.5 21886.58 
    9.9    56.4 38520.84 
  351.7    57.9 31175.22 
    1.3    43.9 12698.14 
    3.0    46.5 30412.87 
  345.2    57.2 30268.27 
  342.6    28.9 16460.56 
  339.3    46.0 25496.19 
  351.6    56.1 35134.93 
  357.2    49.2 21979.68 
   10.1    48.2 31117.34 
   17.4    52.7 26068.28 
  358.3    48.6 34821.21 
  357.7    44.9 22174.37 
  351.5    55.8 20851.25 
  357.1    55.1 24941.59 
  342.6    48.4 19459.57 
  336.5    19.8 14461.31 
    2.6    51.2 35123.58 
  356.7    44.6 24760.08 
  351.9    56.0 30720.55 
    1.4    48.3 19436.48 
    9.4    54.2 23508.02 
    3.2    47.6 27312.75 
  353.8    41.1 34885.41 
  319.1    44.3 13613.57 
  119.9   -73.8 10360.77 
   17.8    56.2 34563.97 
   31.7    45.8 26169.18 
   14.3    36.8 22679.55 
    9.0    51.9 43365.79 
  335.4    56.1 12267.48 
   35.7     7.0  6930.06 
  315.6    35.8 10948.53 
    5.7    68.3 17144.26 
  339.2    31.9 15419.00 
  349.1    41.4 21993.77 
    1.7    59.2 48724.83 
   17.8    51.8 27509.05 
  354.6    53.6 10167.19 
  359.3    50.4  7111.71 
  353.0    53.3 22751.23 
   20.7    29.7 26296.94 
  352.9    46.9 28106.47 
    1.1    52.9 25464.88 
   15.5    44.3 18683.84 
  353.8    35.9  8633.77 
    6.0    52.6 44811.97 
  337.7    46.6 20278.69 
  352.9    56.4 35903.51 
   11.4    13.0 15140.94 
    5.7    42.9 22704.64 
  343.8    20.1 15092.78 
  351.5    53.8 13522.85 
   15.4    51.8 29230.04 
    1.1    46.2 15383.22 
  352.3    21.5 13163.35 
    3.8    35.6 31448.68 
  356.4    53.9 39023.60 
  311.2    47.9 12138.46 
  353.0    33.6 12035.74 
  354.0    50.8 45440.37 
