5.669799
9.361083
8.534812
7.809718
10.363949
11.079781
2.549642
9.776294
6.960293
8.038348
13.687734
11.605626
9.096810
5.286816
9.934770
10.703967
4.489577
11.604359
12.358353
5.746953
10.940709
11.396471
8.894814
6.985447
6.678414
11.179212
7.707414
8.693124
12.182537
6.647300
7.973798
9.512523
10.787804
14.281808
9.005798
6.042652
11.872399
9.808909
7.684441
11.094911
10.230482
11.330837
5.575263
12.171147
9.839758
10.209538
18.276655
17.227027
6.577404
11.187941
13.416730
13.439203
9.576201
13.552818
6.582705
14.424276
11.012609
5.641140
14.619407
6.238547
11.516235
14.006062
12.060775
7.307462
16.657138
7.837159
9.573676
8.607176
11.623499
8.343201
13.271726
10.551010
5.802739
7.751410
7.352064
11.489131
6.152357
10.365919
6.915559
6.405011
7.418143
8.307168
12.724417
4.847388
9.794814
8.945637
9.002207
11.124500
5.555267
11.201244
10.080726
6.769526
5.642259
8.526171
10.651347
10.686016
7.592451
11.478471
8.667962
4.892528
4.828642
4.178555
10.268853
10.599631
10.959277
5.007160
13.615716
13.631585
10.719230
11.150287
12.124047
8.529296
9.117192
6.811671
10.182621
13.431454
10.352325
12.264439
8.558936
7.929916
9.601603
15.756008
8.928042
9.211977
4.350358
10.238959
9.992448
10.571200
13.350879
9.435783
8.880657
15.301914
5.535402
9.314612
12.663670
10.306124
10.548415
13.243612
13.060333
11.051013
8.885385
11.925798
5.467718
6.446556
8.638948
5.158721
4.406744
7.775750
12.114541
7.985250
8.123956
8.603682
9.637985
5.047872
6.091018
7.983048
10.150275
11.423112
8.135792
10.544590
7.878287
9.984703
6.019973
11.532660
9.391937
7.647708
10.109689
5.546550
10.349996
6.835159
14.921382
15.076465
8.279692
14.136333
18.574790
9.612309
11.015821
8.346895
7.945529
9.895106
13.056121
8.011008
7.072538
10.933997
15.050629
7.859174
8.152385
7.944477
8.352923
9.402536
8.369434
8.493727
11.271403
16.248631
5.995514
10.907196
14.548690
9.400456
16.218951
6.345017
6.456208
12.243845
6.385655
6.401026
6.938728
12.097455
10.800110
9.434901
12.737168
13.507582
15.756495
9.768221
9.040730
11.082432
9.958087
9.217390
13.648478
13.455138
7.136320
13.915570
10.900491
10.329123
11.556237
13.077398
8.032601
7.462730
6.487718
11.361422
7.414855
6.823237
10.218714
9.692829
9.159158
7.549779
6.735550
5.853040
7.855432
11.349024
11.534536
8.531669
15.004821
12.275803
8.659983
12.483912
10.733437
9.447668
11.664825
11.845533
12.039046
7.938603
12.598803
9.492719
10.167937
12.457616
4.016380
12.183068
13.639342
10.089553
4.639291
4.274335
10.235408
5.843733
13.221291
7.784368
7.843138
13.103243
11.452947
9.257240
10.834964
7.665839
10.445856
10.654319
11.856291
8.524051
5.919156
13.666814
9.972539
9.722849
13.194509
12.142119
13.016421
6.671596
5.426085
6.391297
10.495115
3.792810
11.344552
5.540670
6.790096
14.628831
10.163837
13.648476
5.223419
13.337579
12.888186
11.675892
8.219644
10.774801
7.626848
4.005048
16.496889
5.668179
10.012421
7.557857
9.673648
8.287277
10.380520
9.961210
8.934058
6.777130
10.467389
10.809268
7.319100
5.138061
11.207163
15.160875
6.088467
16.275787
11.050368
12.034994
16.296219
8.089902
11.282196
12.714794
13.230671
12.028296
11.245304
9.061466
11.670873
10.288798
3.095819
8.302697
8.744620
7.551313
14.120026
6.596494
15.435807
8.016211
19.325625
7.738432
9.769524
14.780767
9.488859
11.070995
13.428425
10.696678
14.767892
12.612408
6.166517
12.872082
9.227972
11.938017
13.990780
7.230627
9.577595
7.308082
12.089469
9.890708
8.971544
11.137667
6.141362
11.488591
8.922451
11.294523
6.249896
14.843213
9.482307
8.829031
8.912775
8.731220
8.340995
12.674073
9.945809
18.184534
9.127878
10.501746
6.031955
13.949448
10.211778
8.876114
12.238418
13.967308
5.100197
10.849682
7.367151
13.743053
19.096645
19.167099
11.417107
12.961403
3.386681
8.170900
11.761326
13.878652
17.324717
8.511071
12.436101
7.165217
13.570406
13.195386
14.487147
2.305313
4.868920
7.021198
10.121740
4.915631
12.340284
14.750395
13.183349
10.769586
8.816808
11.728703
8.343995
11.364617
5.161467
12.279833
14.577881
10.412566
9.431092
10.932997
7.901017
7.648584
12.079864
11.377363
4.717002
6.367770
4.935826
8.577884
7.223906
7.851870
15.223093
5.032570
11.758092
5.413749
14.549494
9.249375
9.601323
11.516149
8.952888
4.292500
13.751394
10.235157
8.448816
7.836142
9.865726
10.987919
6.339230
9.455315
8.625752
9.918921
10.113969
14.244389
4.187234
9.816149
5.991961
7.503130
15.514713
11.049190
8.295372
11.479113
4.686823
7.789306
9.623524
5.977130
9.973761
10.891311
9.393208
11.264475
15.536374
6.087960
6.052434
6.978295
9.996747
15.415597
9.506878
4.966858
7.519574
13.998995
8.491622
8.314001
13.128265
14.590561
14.751378
17.928617
7.866375
2.880534
3.408528
13.437217
12.685842
8.022210
11.320135
6.839948
6.119394
11.431867
12.203517
11.507185
9.110587
11.421540
7.332066
10.289672
11.835980
12.787421
14.298492
6.872959
8.128249
13.734256
10.197624
7.586994
13.426169
13.609983
4.125474
12.143574
8.948765
7.392854
12.038608
12.314670
12.220198
9.705805
14.360715
3.443495
6.826544
13.025187
9.287759
14.838056
10.721702
9.080987
9.766632
6.569301
9.526707
8.111303
4.428336
12.491888
6.776695
13.262445
7.145111
19.518191
6.287721
9.717870
10.595229
7.700873
8.737010
9.967287
9.219072
11.267987
11.312902
12.298574
10.286407
2.545306
13.807548
6.159527
12.238618
14.577345
12.172201
8.876088
9.828266
12.615752
13.059063
8.797752
13.314412
8.299353
14.352291
10.078550
11.185962
7.982440
12.059516
12.705147
11.385403
15.971391
10.600755
10.643771
9.673587
12.088271
14.770616
8.228458
5.509101
11.733501
9.186800
7.412499
17.913281
11.971054
14.893981
8.134242
9.144157
12.527475
11.527052
10.676446
11.774739
9.704149
13.396929
10.463013
7.847749
7.347893
9.526373
10.353952
13.182165
11.222538
5.711378
8.406583
6.578835
9.009303
12.145242
14.028911
11.413933
11.816473
8.523106
9.979282
9.460835
14.207552
11.254461
17.018765
8.013219
10.155684
6.749243
6.220913
5.828740
16.323813
6.799063
8.045857
8.149677
11.072393
10.524619
5.992065
7.056548
8.371609
16.968792
10.197219
14.566565
7.636507
12.462690
9.401730
13.972878
12.067541
12.794060
9.739223
15.516571
9.195614
12.498836
16.249684
6.698691
8.615962
11.172372
14.901954
14.283726
11.420116
12.457962
11.534183
12.716759
9.526388
13.588324
13.074132
7.169115
16.587563
9.408687
14.904507
7.631765
8.495183
6.469269
7.436966
9.754024
10.778686
13.098242
11.987228
5.393323
11.327000
12.199408
7.650521
12.766660
9.984673
7.792827
14.345180
4.913301
8.444426
10.787204
7.468983
12.253425
5.049128
6.327975
10.708151
11.131631
7.078736
8.179293
8.104198
8.836795
11.018271
7.647148
7.935162
12.658002
15.458340
6.637362
11.373236
16.256083
6.583331
7.158168
10.401972
11.987326
7.222756
16.004848
10.023274
6.031598
4.555931
8.209948
16.032383
12.071220
12.545469
10.082780
9.580853
13.570212
10.550175
6.296617
13.047438
13.582883
8.446986
13.420869
12.472601
13.473905
14.471360
7.077196
7.632113
6.020694
15.803472
10.067997
7.679469
6.584212
6.938530
9.831750
9.525732
10.026210
3.135900
6.066299
7.316333
8.373300
14.439493
12.245871
6.706988
10.195582
4.337321
11.062573
6.653432
10.446141
8.729348
12.305721
11.504063
12.556595
7.909975
13.406756
5.919089
6.455169
9.286390
7.665163
9.934976
10.599371
17.446585
5.090713
12.965377
10.754460
13.377087
7.222852
10.924115
8.102537
11.119070
14.838437
15.832367
10.683849
11.431947
10.532611
16.728060
10.604276
12.669452
7.448644
8.852128
6.785664
12.186510
11.934964
8.405130
7.192480
15.483015
9.184377
8.448485
13.873982
16.226925
6.135950
8.876765
14.657940
6.440427
7.616730
14.891005
3.394066
9.743630
10.260098
14.011549
7.991479
5.951516
11.086436
7.211608
8.192489
8.259228
9.156947
9.184373
9.143072
8.306622
9.051514
13.252893
5.341712
8.498199
6.412299
12.288186
5.248467
12.212994
15.780811
7.765574
8.547105
12.332501
6.670729
15.227026
7.504624
12.368107
7.875689
7.976124
5.231828
10.274015
9.345707
12.473742
4.622636
8.769374
16.717017
6.534866
7.656208
12.072361
4.357021
8.785644
7.476905
14.289756
8.395449
13.829805
9.268258
8.999669
8.540234
11.851880
11.793943
10.102129
9.434466
7.667263
14.952927
11.791091
16.328989
5.241015
10.935085
9.685349
7.830692
6.350148
10.370558
9.125082
8.167453
9.255977
13.885796
13.477334
13.039541
3.298667
13.002790
7.600296
9.741770
12.261657
9.045433
11.921148
10.395559
11.429282
13.478568
9.114317
12.848421
16.279184
10.581712
7.764927
11.085993
12.156666
13.201197
12.450530
10.501182
9.565116
9.084215
13.884555
9.589425
14.590521
4.990975
12.035100
2.770154
10.792381
9.500959
14.470068
17.339934
12.955243
10.037523
13.597275
11.067585
14.756397
11.413402
14.240786
6.468804
8.875017
15.821939
9.151521
8.205401
10.964658
8.465304
12.085309
12.155623
9.401354
7.464496
9.078912
9.614251
11.769232
7.587517
16.532220
9.703583
11.725389
10.666022
12.696243
11.198642
11.354744
12.970864
5.832021
11.065658
9.828379
9.873361
13.597014
10.774809
8.643730
10.192610
10.082271
6.605612
7.651238
6.395767
9.513441
9.896766
10.085991
10.927141
7.693068
2.341550
8.021906
11.109784
12.077370
10.541704
9.414953
8.941009
10.812713
8.898018
7.974976
10.142959
6.932161
11.426613
9.243046
8.737559
9.658767
9.046077
13.688760
10.174403
9.348434
5.342560
11.005687
11.396834
10.496211
9.044035
6.880095
14.743799
9.602164
13.932654
10.310442
6.779257
12.947729
9.509564
14.940518
5.387782
14.115820
7.664508
14.947281
12.542360
7.687463
11.496539
10.505755
4.913558
12.446175
13.384117
17.795364
12.275361
10.008930
6.717785
13.711035
13.477635
8.711371
9.128711
12.004860
5.567387
14.202297
17.335592
8.611046
10.181905
10.024968
7.888942
11.340337
11.905976
8.830464
