  316.2    64.0
  227.1   -38.1
  348.2    42.1
  192.1     3.6
  292.7   -64.9
   89.1   -14.5
  233.4    59.4
  226.8   -53.4
  265.1   -41.2
  189.3    18.3
  222.3     3.2
  256.9    61.2
  185.6    65.4
   25.2    39.7
   33.7     3.9
   42.3   -34.3
  159.3     5.6
  158.5   -18.7
  228.2   -32.0
  126.2   -10.3
  125.7   -30.5
  344.5     1.9
  157.0   -44.1
  170.6   -66.7
  144.2    55.1
   39.7   -52.8
   52.2   -40.5
   42.3     0.3
  349.1     6.1
  206.8    15.4
  159.8    -0.8
   67.9   -61.5
   80.9   -42.6
   39.1    -6.6
   34.8    27.8
  303.5    25.6
  343.1    54.8
    4.6   -69.0
  301.6   -37.1
  342.9   -47.9
  221.3   -58.6
  307.8    -5.0
  136.2    68.1
   95.4    11.3
  208.4    57.2
   51.2    32.4
  124.3   -16.4
  302.7     8.1
   65.0   -36.9
  193.7    38.8
